# JRE version: OpenJDK Runtime Environment (11.0.8+10) (build 11.0.8+10-b944.6842174)
# Java VM: OpenJDK 64-Bit Server VM (11.0.8+10-b944.6842174, mixed mode, tiered, compressed oops, g1 gc, windows-amd64)
Heap:
 garbage-first heap   total 262144K, used 221405K [0x00000000e0000000, 0x0000000100000000)
  region size 1024K, 53 young (54272K), 4 survivors (4096K)
 Metaspace       used 93730K, capacity 95743K, committed 95864K, reserved 337920K
  class space    used 11342K, capacity 12061K, committed 12160K, reserved 253952K
GC Heap History (20 events):
Event: 73.449 GC heap before
{Heap before GC invocations=41 (full 0):
 garbage-first heap   total 262144K, used 206323K [0x00000000e0000000, 0x0000000100000000)
  region size 1024K, 43 young (44032K), 1 survivors (1024K)
 Metaspace       used 93433K, capacity 95520K, committed 95864K, reserved 337920K
  class space    used 11328K, capacity 12056K, committed 12160K, reserved 253952K
}
Event: 73.458 GC heap after
{Heap after GC invocations=42 (full 0):
 garbage-first heap   total 262144K, used 164359K [0x00000000e0000000, 0x0000000100000000)
  region size 1024K, 2 young (2048K), 2 survivors (2048K)
 Metaspace       used 93433K, capacity 95520K, committed 95864K, reserved 337920K
  class space    used 11328K, capacity 12056K, committed 12160K, reserved 253952K
}
Event: 74.343 GC heap before
{Heap before GC invocations=43 (full 0):
 garbage-first heap   total 262144K, used 209415K [0x00000000e0000000, 0x0000000100000000)
  region size 1024K, 46 young (47104K), 2 survivors (2048K)
 Metaspace       used 93487K, capacity 95520K, committed 95864K, reserved 337920K
  class space    used 11331K, capacity 12056K, committed 12160K, reserved 253952K
}
Event: 74.352 GC heap after
{Heap after GC invocations=44 (full 0):
 garbage-first heap   total 262144K, used 165538K [0x00000000e0000000, 0x0000000100000000)
  region size 1024K, 3 young (3072K), 3 survivors (3072K)
 Metaspace       used 93487K, capacity 95520K, committed 95864K, reserved 337920K
  class space    used 11331K, capacity 12056K, committed 12160K, reserved 253952K
}
Event: 74.445 GC heap before
{Heap before GC invocations=44 (full 0):
 garbage-first heap   total 262144K, used 174754K [0x00000000e0000000, 0x0000000100000000)
  region size 1024K, 12 young (12288K), 3 survivors (3072K)
 Metaspace       used 93492K, capacity 95520K, committed 95864K, reserved 337920K
  class space    used 11331K, capacity 12056K, committed 12160K, reserved 253952K
}
Event: 74.453 GC heap after
{Heap after GC invocations=45 (full 0):
 garbage-first heap   total 262144K, used 164928K [0x00000000e0000000, 0x0000000100000000)
  region size 1024K, 1 young (1024K), 1 survivors (1024K)
 Metaspace       used 93492K, capacity 95520K, committed 95864K, reserved 337920K
  class space    used 11331K, capacity 12056K, committed 12160K, reserved 253952K
}
Event: 75.092 GC heap before
{Heap before GC invocations=45 (full 0):
 garbage-first heap   total 262144K, used 212032K [0x00000000e0000000, 0x0000000100000000)
  region size 1024K, 47 young (48128K), 1 survivors (1024K)
 Metaspace       used 93528K, capacity 95587K, committed 95864K, reserved 337920K
  class space    used 11331K, capacity 12056K, committed 12160K, reserved 253952K
}
Event: 75.097 GC heap after
{Heap after GC invocations=46 (full 0):
 garbage-first heap   total 262144K, used 166013K [0x00000000e0000000, 0x0000000100000000)
  region size 1024K, 2 young (2048K), 2 survivors (2048K)
 Metaspace       used 93528K, capacity 95587K, committed 95864K, reserved 337920K
  class space    used 11331K, capacity 12056K, committed 12160K, reserved 253952K
}
Event: 76.676 GC heap before
{Heap before GC invocations=46 (full 0):
 garbage-first heap   total 262144K, used 214141K [0x00000000e0000000, 0x0000000100000000)
  region size 1024K, 49 young (50176K), 2 survivors (2048K)
 Metaspace       used 93570K, capacity 95587K, committed 95864K, reserved 337920K
  class space    used 11331K, capacity 12056K, committed 12160K, reserved 253952K
}
Event: 76.685 GC heap after
{Heap after GC invocations=47 (full 0):
 garbage-first heap   total 262144K, used 167581K [0x00000000e0000000, 0x0000000100000000)
  region size 1024K, 4 young (4096K), 4 survivors (4096K)
 Metaspace       used 93570K, capacity 95587K, committed 95864K, reserved 337920K
  class space    used 11331K, capacity 12056K, committed 12160K, reserved 253952K
}
Event: 77.306 GC heap before
{Heap before GC invocations=47 (full 0):
 garbage-first heap   total 262144K, used 216733K [0x00000000e0000000, 0x0000000100000000)
  region size 1024K, 52 young (53248K), 4 survivors (4096K)
 Metaspace       used 93601K, capacity 95653K, committed 95864K, reserved 337920K
  class space    used 11331K, capacity 12056K, committed 12160K, reserved 253952K
}
Event: 77.316 GC heap after
{Heap after GC invocations=48 (full 0):
 garbage-first heap   total 262144K, used 168328K [0x00000000e0000000, 0x0000000100000000)
  region size 1024K, 4 young (4096K), 4 survivors (4096K)
 Metaspace       used 93601K, capacity 95653K, committed 95864K, reserved 337920K
  class space    used 11331K, capacity 12056K, committed 12160K, reserved 253952K
}
Event: 77.743 GC heap before
{Heap before GC invocations=48 (full 0):
 garbage-first heap   total 262144K, used 218504K [0x00000000e0000000, 0x0000000100000000)
  region size 1024K, 53 young (54272K), 4 survivors (4096K)
 Metaspace       used 93613K, capacity 95655K, committed 95864K, reserved 337920K
  class space    used 11331K, capacity 12056K, committed 12160K, reserved 253952K
}
Event: 77.752 GC heap after
{Heap after GC invocations=49 (full 0):
 garbage-first heap   total 262144K, used 169076K [0x00000000e0000000, 0x0000000100000000)
  region size 1024K, 5 young (5120K), 5 survivors (5120K)
 Metaspace       used 93613K, capacity 95655K, committed 95864K, reserved 337920K
  class space    used 11331K, capacity 12056K, committed 12160K, reserved 253952K
}
Event: 78.064 GC heap before
{Heap before GC invocations=49 (full 0):
 garbage-first heap   total 262144K, used 220276K [0x00000000e0000000, 0x0000000100000000)
  region size 1024K, 55 young (56320K), 5 survivors (5120K)
 Metaspace       used 93614K, capacity 95655K, committed 95864K, reserved 337920K
  class space    used 11331K, capacity 12056K, committed 12160K, reserved 253952K
}
Event: 78.075 GC heap after
{Heap after GC invocations=50 (full 0):
 garbage-first heap   total 262144K, used 169979K [0x00000000e0000000, 0x0000000100000000)
  region size 1024K, 4 young (4096K), 4 survivors (4096K)
 Metaspace       used 93614K, capacity 95655K, committed 95864K, reserved 337920K
  class space    used 11331K, capacity 12056K, committed 12160K, reserved 253952K
}
Event: 78.555 GC heap before
{Heap before GC invocations=50 (full 0):
 garbage-first heap   total 262144K, used 222203K [0x00000000e0000000, 0x0000000100000000)
  region size 1024K, 55 young (56320K), 4 survivors (4096K)
 Metaspace       used 93620K, capacity 95655K, committed 95864K, reserved 337920K
  class space    used 11331K, capacity 12056K, committed 12160K, reserved 253952K
}
Event: 78.572 GC heap after
{Heap after GC invocations=51 (full 0):
 garbage-first heap   total 262144K, used 170456K [0x00000000e0000000, 0x0000000100000000)
  region size 1024K, 3 young (3072K), 3 survivors (3072K)
 Metaspace       used 93620K, capacity 95655K, committed 95864K, reserved 337920K
  class space    used 11331K, capacity 12056K, committed 12160K, reserved 253952K
}
Event: 79.289 GC heap before
{Heap before GC invocations=51 (full 0):
 garbage-first heap   total 262144K, used 223704K [0x00000000e0000000, 0x0000000100000000)
  region size 1024K, 55 young (56320K), 3 survivors (3072K)
 Metaspace       used 93628K, capacity 95655K, committed 95864K, reserved 337920K
  class space    used 11331K, capacity 12056K, committed 12160K, reserved 253952K
}
Event: 79.299 GC heap after
{Heap after GC invocations=52 (full 0):
 garbage-first heap   total 262144K, used 171229K [0x00000000e0000000, 0x0000000100000000)
  region size 1024K, 4 young (4096K), 4 survivors (4096K)
 Metaspace       used 93628K, capacity 95655K, committed 95864K, reserved 337920K
  class space    used 11331K, capacity 12056K, committed 12160K, reserved 253952K
}

